2022-05-26 11:15:35.108  INFO 4148 --- [main] i.a.rest.SpringBootRestAppApplication    : Starting SpringBootRestAppApplication using Java 1.8.0_202 on WS-15987 with PID 4148 (C:\MySpringProject\SpringBootRestApp\target\classes started by amsi0621 in C:\MySpringProject\SpringBootRestApp)
2022-05-26 11:15:35.178  INFO 4148 --- [main] i.a.rest.SpringBootRestAppApplication    : No active profile set, falling back to 1 default profile: "default"
2022-05-26 11:15:40.141  INFO 4148 --- [main] .s.d.r.c.RepositoryConfigurationDelegate : Bootstrapping Spring Data JPA repositories in DEFAULT mode.
2022-05-26 11:15:40.358  INFO 4148 --- [main] .s.d.r.c.RepositoryConfigurationDelegate : Finished Spring Data repository scanning in 167 ms. Found 1 JPA repository interfaces.
2022-05-26 11:15:42.398  INFO 4148 --- [main] o.s.b.w.embedded.tomcat.TomcatWebServer  : Tomcat initialized with port(s): 9001 (http)
2022-05-26 11:15:42.436  INFO 4148 --- [main] o.apache.catalina.core.StandardService   : Starting service [Tomcat]
2022-05-26 11:15:42.437  INFO 4148 --- [main] org.apache.catalina.core.StandardEngine  : Starting Servlet engine: [Apache Tomcat/9.0.62]
2022-05-26 11:15:43.111  INFO 4148 --- [main] o.a.c.c.C.[Tomcat].[localhost].[/]       : Initializing Spring embedded WebApplicationContext
2022-05-26 11:15:43.112  INFO 4148 --- [main] w.s.c.ServletWebServerApplicationContext : Root WebApplicationContext: initialization completed in 7491 ms
2022-05-26 11:15:44.624  INFO 4148 --- [main] com.zaxxer.hikari.HikariDataSource       : HikariPool-1 - Starting...
2022-05-26 11:15:45.330  INFO 4148 --- [main] com.zaxxer.hikari.HikariDataSource       : HikariPool-1 - Start completed.
2022-05-26 11:15:45.541  INFO 4148 --- [main] o.hibernate.jpa.internal.util.LogHelper  : HHH000204: Processing PersistenceUnitInfo [name: default]
2022-05-26 11:15:45.767  INFO 4148 --- [main] org.hibernate.Version                    : HHH000412: Hibernate ORM core version 5.6.8.Final
2022-05-26 11:15:46.531  INFO 4148 --- [main] o.hibernate.annotations.common.Version   : HCANN000001: Hibernate Commons Annotations {5.1.2.Final}
2022-05-26 11:15:47.066  INFO 4148 --- [main] org.hibernate.dialect.Dialect            : HHH000400: Using dialect: org.hibernate.dialect.H2Dialect
2022-05-26 11:15:48.611  INFO 4148 --- [main] o.h.e.t.j.p.i.JtaPlatformInitiator       : HHH000490: Using JtaPlatform implementation: [org.hibernate.engine.transaction.jta.platform.internal.NoJtaPlatform]
2022-05-26 11:15:48.631  INFO 4148 --- [main] j.LocalContainerEntityManagerFactoryBean : Initialized JPA EntityManagerFactory for persistence unit 'default'
2022-05-26 11:15:49.293  WARN 4148 --- [main] JpaBaseConfiguration$JpaWebConfiguration : spring.jpa.open-in-view is enabled by default. Therefore, database queries may be performed during view rendering. Explicitly configure spring.jpa.open-in-view to disable this warning
2022-05-26 11:15:51.264  INFO 4148 --- [main] o.s.b.a.e.web.EndpointLinksResolver      : Exposing 1 endpoint(s) beneath base path '/actuator'
2022-05-26 11:15:51.461  INFO 4148 --- [main] o.s.b.w.embedded.tomcat.TomcatWebServer  : Tomcat started on port(s): 9001 (http) with context path ''
2022-05-26 11:15:51.520  INFO 4148 --- [main] i.a.rest.SpringBootRestAppApplication    : Started SpringBootRestAppApplication in 18.903 seconds (JVM running for 21.725)
